\BOOKMARK [1][-]{section.1}{\376\377\004\022\004\062\004\065\004\064\004\065\004\075\004\070\004\065}{}% 1
\BOOKMARK [2][-]{subsection.1.1}{\376\377\004\046\004\065\004\073\004\070\000\040\004\070\000\040\004\067\004\060\004\064\004\060\004\107\004\070\000\040\004\100\004\060\004\061\004\076\004\102\004\113}{section.1}% 2
\BOOKMARK [1][-]{section.2}{\376\377\004\037\004\076\004\101\004\102\004\060\004\075\004\076\004\062\004\072\004\060\000\040\004\067\004\060\004\064\004\060\004\107\004\070}{}% 3
\BOOKMARK [2][-]{subsection.2.1}{\376\377\004\034\004\076\004\075\004\070\004\102\004\076\004\100\004\070\004\075\004\063\000\040\004\077\004\100\004\076\004\065\004\072\004\102\004\076\004\062}{section.2}% 4
\BOOKMARK [2][-]{subsection.2.2}{\376\377\004\055\004\104\004\104\004\065\004\072\004\102\004\070\004\062\004\075\004\076\004\101\004\102\004\114\000\040\004\074\004\076\004\075\004\070\004\102\004\076\004\100\004\070\004\075\004\063\004\060}{section.2}% 5
\BOOKMARK [2][-]{subsection.2.3}{\376\377\004\037\004\100\004\065\004\064\004\070\004\072\004\102\004\070\004\062\004\075\004\060\004\117\000\040\004\060\004\075\004\060\004\073\004\070\004\102\004\070\004\072\004\060}{section.2}% 6
\BOOKMARK [1][-]{section.3}{\376\377\004\036\004\061\004\067\004\076\004\100\000\040\004\064\004\065\004\071\004\101\004\102\004\062\004\103\004\116\004\111\004\065\004\071\000\040\004\077\004\100\004\060\004\072\004\102\004\070\004\072\004\070}{}% 7
\BOOKMARK [2][-]{subsection.3.1}{\376\377\004\020\004\075\004\060\004\073\004\070\004\067\000\040\004\102\004\065\004\072\004\103\004\111\004\065\004\063\004\076\000\040\004\101\004\076\004\101\004\102\004\076\004\117\004\075\004\070\004\117\000\040\004\100\004\113\004\075\004\072\004\060\000\040\004\066\004\070\004\073\004\070\004\111\004\075\004\076\004\063\004\076\000\040\004\101\004\102\004\100\004\076\004\070\004\102\004\065\004\073\004\114\004\101\004\102\004\062\004\060\000\040\004\070\000\040\004\102\004\065\004\075\004\064\004\065\004\075\004\106\004\070\004\070\000\040\004\100\004\060\004\067\004\062\004\070\004\102\004\070\004\117}{section.3}% 8
\BOOKMARK [2][-]{subsection.3.2}{\376\377\004\042\004\065\004\072\004\103\004\111\004\065\004\065\000\040\004\101\004\076\004\101\004\102\004\076\004\117\004\075\004\070\004\065\000\040\004\104\004\070\004\075\004\060\004\075\004\101\004\070\004\100\004\076\004\062\004\060\004\075\004\070\004\117\000\040\004\062\000\040\004\101\004\104\004\065\004\100\004\065\000\040\004\066\004\070\004\073\004\070\004\111\004\075\004\076\004\063\004\076\000\040\004\101\004\102\004\100\004\076\004\070\004\102\004\065\004\073\004\114\004\101\004\102\004\062\004\060}{section.3}% 9
\BOOKMARK [3][-]{subsubsection.3.2.1}{\376\377\004\036\004\101\004\075\004\076\004\062\004\075\004\113\004\065\000\040\004\070\004\101\004\102\004\076\004\107\004\075\004\070\004\072\004\070\000\040\004\104\004\070\004\075\004\060\004\075\004\101\004\070\004\100\004\076\004\062\004\060\004\075\004\070\004\117\000\040}{subsection.3.2}% 10
\BOOKMARK [3][-]{subsubsection.3.2.2}{\376\377\004\055\004\101\004\072\004\100\004\076\004\103\000-\004\101\004\107\004\065\004\102\004\060}{subsection.3.2}% 11
\BOOKMARK [2][-]{subsection.3.3}{\376\377\004\037\004\100\004\076\004\106\004\065\004\101\004\101\000\040\004\074\004\076\004\075\004\070\004\102\004\076\004\100\004\070\004\075\004\063\004\060\000\040\004\077\004\100\004\076\004\065\004\072\004\102\004\076\004\062\000\040\004\070\000\040\004\074\004\065\004\102\004\076\004\064\004\113\000\040\004\076\004\106\004\065\004\075\004\072\004\070\000\040\004\072\004\076\004\074\004\074\004\065\004\100\004\107\004\065\004\101\004\072\004\070\004\074\000\040\004\061\004\060\004\075\004\072\004\076\004\074}{section.3}% 12
\BOOKMARK [2][-]{subsection.3.4}{\376\377\004\042\004\070\004\077\004\113\000\040\004\074\004\076\004\064\004\065\004\073\004\065\004\071\000\040\004\077\004\100\004\065\004\064\004\070\004\072\004\102\004\070\004\062\004\075\004\076\004\071\000\040\004\060\004\075\004\060\004\073\004\070\004\102\004\070\004\072\004\070\000\040\004\070\000\040\004\070\004\105\000\040\004\077\004\100\004\070\004\074\004\065\004\075\004\065\004\075\004\070\004\065\000\040\004\062\000\040\004\072\004\100\004\065\004\064\004\070\004\102\004\075\004\076\004\074\000\040\004\077\004\100\004\076\004\106\004\065\004\101\004\101\004\065}{section.3}% 13
\BOOKMARK [2][-]{subsection.3.5}{\376\377\004\036\004\061\004\067\004\076\004\100\000\040\004\100\004\065\004\063\004\100\004\065\004\101\004\101\004\070\004\076\004\075\004\075\004\113\004\105\000\040\004\074\004\076\004\064\004\065\004\073\004\065\004\071\000\040\004\074\004\060\004\110\004\070\004\075\004\075\004\076\004\063\004\076\000\040\004\076\004\061\004\103\004\107\004\065\004\075\004\070\004\117}{section.3}% 14
\BOOKMARK [3][-]{subsubsection.3.5.1}{\376\377\004\033\004\070\004\075\004\065\004\071\004\075\004\060\004\117\000\040\004\100\004\065\004\063\004\100\004\065\004\101\004\101\004\070\004\117}{subsection.3.5}% 15
\BOOKMARK [3][-]{subsubsection.3.5.2}{\376\377\004\030\004\067\004\074\004\065\004\100\004\065\004\075\004\070\004\065\000\040\004\076\004\110\004\070\004\061\004\072\004\070\000\040\004\062\000\040\004\067\004\060\004\064\004\060\004\107\004\060\004\105\000\040\004\100\004\065\004\063\004\100\004\065\004\101\004\101\004\070\004\070}{subsection.3.5}% 16
\BOOKMARK [3][-]{subsubsection.3.5.3}{\376\377\004\036\004\106\004\065\004\075\004\070\004\062\004\060\004\075\004\070\004\065\000\040\004\072\004\060\004\107\004\065\004\101\004\102\004\062\004\060\000\040\004\074\004\076\004\064\004\065\004\073\004\070}{subsection.3.5}% 17
\BOOKMARK [3][-]{subsubsection.3.5.4}{\376\377\004\036\004\061\004\103\004\107\004\065\004\075\004\070\004\065\000\040\004\073\004\070\004\075\004\065\004\071\004\075\004\076\004\071\000\040\004\100\004\065\004\063\004\100\004\065\004\101\004\101\004\070\004\070}{subsection.3.5}% 18
\BOOKMARK [3][-]{subsubsection.3.5.5}{\376\377\004\023\004\100\004\060\004\064\004\070\004\065\004\075\004\102\004\075\004\113\004\071\000\040\004\101\004\077\004\103\004\101\004\072}{subsection.3.5}% 19
\BOOKMARK [3][-]{subsubsection.3.5.6}{\376\377\004\023\004\100\004\060\004\064\004\070\004\065\004\075\004\102\004\075\004\113\004\071\000\040\004\061\004\103\004\101\004\102\004\070\004\075\004\063}{subsection.3.5}% 20
\BOOKMARK [3][-]{subsubsection.3.5.7}{\376\377\004\035\004\065\004\071\004\100\004\076\004\075\004\075\004\113\004\065\000\040\004\101\004\065\004\102\004\070}{subsection.3.5}% 21
\BOOKMARK [2][-]{subsection.3.6}{\376\377\004\036\004\061\004\067\004\076\004\100\000\040\004\060\004\073\004\063\004\076\004\100\004\070\004\102\004\074\004\076\004\062\000\040\004\072\004\073\004\060\004\101\004\102\004\065\004\100\004\070\004\067\004\060\004\106\004\070\004\070\000\040\004\062\000\040\004\074\004\060\004\110\004\070\004\075\004\075\004\076\004\074\000\040\004\076\004\061\004\103\004\107\004\065\004\075\004\070\004\070}{section.3}% 22
\BOOKMARK [3][-]{subsubsection.3.6.1}{\376\377\004\034\004\065\004\102\004\100\004\070\004\072\004\070\000\040\004\072\004\060\004\107\004\065\004\101\004\102\004\062\004\060\000\040\004\072\004\073\004\060\004\101\004\102\004\065\004\100\004\070\004\067\004\060\004\106\004\070\004\070}{subsection.3.6}% 23
\BOOKMARK [3][-]{subsubsection.3.6.2}{\376\377\004\034\004\065\004\102\004\076\004\064\000\040\000k\000-\004\101\004\100\004\065\004\064\004\075\004\070\004\105}{subsection.3.6}% 24
\BOOKMARK [3][-]{subsubsection.3.6.3}{\376\377\004\030\004\065\004\100\004\060\004\100\004\105\004\070\004\107\004\065\004\101\004\072\004\060\004\117\000\040\004\072\004\073\004\060\004\101\004\102\004\065\004\100\004\070\004\067\004\060\004\106\004\070\004\117}{subsection.3.6}% 25
\BOOKMARK [1][-]{section.4}{\376\377\004\037\004\100\004\065\004\064\004\073\004\060\004\063\004\060\004\065\004\074\004\113\004\065\000\040\004\070\004\067\004\074\004\065\004\075\004\065\004\075\004\070\004\117}{}% 26
\BOOKMARK [2][-]{subsection.4.1}{\376\377\004\044\004\076\004\100\004\074\004\060\004\073\004\114\004\075\004\060\004\117\000\040\004\077\004\076\004\101\004\102\004\060\004\075\004\076\004\062\004\072\004\060\000\040\004\067\004\060\004\064\004\060\004\107\004\070}{section.4}% 27
\BOOKMARK [2][-]{subsection.4.2}{\376\377\004\022\004\105\004\076\004\064\004\075\004\113\004\065\000\040\004\064\004\060\004\075\004\075\004\113\004\065}{section.4}% 28
\BOOKMARK [2][-]{subsection.4.3}{\376\377\004\036\004\077\004\070\004\101\004\060\004\075\004\070\004\065\000\040\004\074\004\076\004\064\004\065\004\073\004\065\004\071}{section.4}% 29
\BOOKMARK [3][-]{subsubsection.4.3.1}{\376\377\004\055\004\102\004\060\004\077\000\040\004\077\004\100\004\065\004\064\004\076\004\061\004\100\004\060\004\061\004\076\004\102\004\072\004\070\000\040\004\064\004\060\004\075\004\075\004\113\004\105}{subsection.4.3}% 30
\BOOKMARK [3][-]{subsubsection.4.3.2}{\376\377\004\057\004\064\004\100\004\076\000\040\004\074\004\076\004\064\004\065\004\073\004\070}{subsection.4.3}% 31
\BOOKMARK [2][-]{subsection.4.4}{\376\377\004\040\004\065\004\067\004\103\004\073\004\114\004\102\004\060\004\102\004\113\000\040\004\100\004\060\004\061\004\076\004\102\004\113\000\040\004\060\004\073\004\063\004\076\004\100\004\070\004\102\004\074\004\076\004\062}{section.4}% 32
\BOOKMARK [1][-]{section.5}{\376\377\004\055\004\072\004\076\004\075\004\076\004\074\004\070\004\107\004\065\004\101\004\072\004\070\004\071\000\040\004\115\004\104\004\104\004\065\004\072\004\102\000\040\004\076\004\102\000\040\004\062\004\075\004\065\004\064\004\100\004\065\004\075\004\070\004\117\000\040\004\074\004\076\004\064\004\065\004\073\004\070}{}% 33
\BOOKMARK [1][-]{section.6}{\376\377\004\027\004\060\004\072\004\073\004\116\004\107\004\065\004\075\004\070\004\065}{}% 34
